ERROR - 2025-11-02 13:38:56 --> mysqli_sql_exception: Unknown column 'owner_id' in 'where clause' in C:\xampp\htdocs\codeigniter4-framework-68d1a58\system\Database\MySQLi\Connection.php:327
Stack trace:
#0 C:\xampp\htdocs\codeigniter4-framework-68d1a58\system\Database\MySQLi\Connection.php(327): mysqli->query('SELECT COUNT(*)...', 0)
#1 C:\xampp\htdocs\codeigniter4-framework-68d1a58\system\Database\BaseConnection.php(729): CodeIgniter\Database\MySQLi\Connection->execute('SELECT COUNT(*)...')
#2 C:\xampp\htdocs\codeigniter4-framework-68d1a58\system\Database\BaseConnection.php(646): CodeIgniter\Database\BaseConnection->simpleQuery('SELECT COUNT(*)...')
#3 C:\xampp\htdocs\codeigniter4-framework-68d1a58\system\Database\BaseBuilder.php(1733): CodeIgniter\Database\BaseConnection->query('SELECT COUNT(*)...', Array, false)
#4 C:\xampp\htdocs\codeigniter4-framework-68d1a58\system\Model.php(675): CodeIgniter\Database\BaseBuilder->countAllResults(true)
#5 C:\xampp\htdocs\codeigniter4-framework-68d1a58\app\Controllers\Owner.php(56): CodeIgniter\Model->countAllResults()
#6 C:\xampp\htdocs\codeigniter4-framework-68d1a58\system\CodeIgniter.php(933): App\Controllers\Owner->dashboard()
#7 C:\xampp\htdocs\codeigniter4-framework-68d1a58\system\CodeIgniter.php(507): CodeIgniter\CodeIgniter->runController(Object(App\Controllers\Owner))
#8 C:\xampp\htdocs\codeigniter4-framework-68d1a58\system\CodeIgniter.php(354): CodeIgniter\CodeIgniter->handleRequest(NULL, Object(Config\Cache), false)
#9 C:\xampp\htdocs\codeigniter4-framework-68d1a58\system\Boot.php(363): CodeIgniter\CodeIgniter->run()
#10 C:\xampp\htdocs\codeigniter4-framework-68d1a58\system\Boot.php(68): CodeIgniter\Boot::runCodeIgniter(Object(CodeIgniter\CodeIgniter))
#11 C:\xampp\htdocs\codeigniter4-framework-68d1a58\public\index.php(59): CodeIgniter\Boot::bootWeb(Object(Config\Paths))
#12 C:\xampp\htdocs\codeigniter4-framework-68d1a58\system\rewrite.php(44): require_once('C:\\xampp\\htdocs...')
#13 {main}
CRITICAL - 2025-11-02 13:38:56 --> CodeIgniter\Database\Exceptions\DatabaseException: Unknown column 'owner_id' in 'where clause'
[Method: GET, Route: owner/dashboard]
in SYSTEMPATH\Database\BaseConnection.php on line 684.
 1 SYSTEMPATH\Database\BaseBuilder.php(1733): CodeIgniter\Database\BaseConnection->query('SELECT COUNT(*) AS `numrows`
FROM `complaints`
WHERE `owner_id` = :owner_id:
AND `status` IN :status:', [...], false)
 2 SYSTEMPATH\Model.php(675): CodeIgniter\Database\BaseBuilder->countAllResults(true)
 3 APPPATH\Controllers\Owner.php(56): CodeIgniter\Model->countAllResults()
 4 SYSTEMPATH\CodeIgniter.php(933): App\Controllers\Owner->dashboard()
 5 SYSTEMPATH\CodeIgniter.php(507): CodeIgniter\CodeIgniter->runController(Object(App\Controllers\Owner))
 6 SYSTEMPATH\CodeIgniter.php(354): CodeIgniter\CodeIgniter->handleRequest(null, Object(Config\Cache), false)
 7 SYSTEMPATH\Boot.php(363): CodeIgniter\CodeIgniter->run()
 8 SYSTEMPATH\Boot.php(68): CodeIgniter\Boot::runCodeIgniter(Object(CodeIgniter\CodeIgniter))
 9 FCPATH\index.php(59): CodeIgniter\Boot::bootWeb(Object(Config\Paths))
10 SYSTEMPATH\rewrite.php(44): require_once('C:\\xampp\\htdocs\\codeigniter4-framework-68d1a58\\public\\index.php')
CRITICAL - 2025-11-02 13:38:56 --> [Caused by] CodeIgniter\Database\Exceptions\DatabaseException: Unknown column 'owner_id' in 'where clause'
in SYSTEMPATH\Database\MySQLi\Connection.php on line 332.
 1 SYSTEMPATH\Database\BaseConnection.php(729): CodeIgniter\Database\MySQLi\Connection->execute('SELECT COUNT(*) AS `numrows`
FROM `complaints`
WHERE `owner_id` = \'1\'
AND `status` IN (\'open\',\'in_progress\')')
 2 SYSTEMPATH\Database\BaseConnection.php(646): CodeIgniter\Database\BaseConnection->simpleQuery('SELECT COUNT(*) AS `numrows`
FROM `complaints`
WHERE `owner_id` = \'1\'
AND `status` IN (\'open\',\'in_progress\')')
 3 SYSTEMPATH\Database\BaseBuilder.php(1733): CodeIgniter\Database\BaseConnection->query('SELECT COUNT(*) AS `numrows`
FROM `complaints`
WHERE `owner_id` = :owner_id:
AND `status` IN :status:', [...], false)
 4 SYSTEMPATH\Model.php(675): CodeIgniter\Database\BaseBuilder->countAllResults(true)
 5 APPPATH\Controllers\Owner.php(56): CodeIgniter\Model->countAllResults()
 6 SYSTEMPATH\CodeIgniter.php(933): App\Controllers\Owner->dashboard()
 7 SYSTEMPATH\CodeIgniter.php(507): CodeIgniter\CodeIgniter->runController(Object(App\Controllers\Owner))
 8 SYSTEMPATH\CodeIgniter.php(354): CodeIgniter\CodeIgniter->handleRequest(null, Object(Config\Cache), false)
 9 SYSTEMPATH\Boot.php(363): CodeIgniter\CodeIgniter->run()
10 SYSTEMPATH\Boot.php(68): CodeIgniter\Boot::runCodeIgniter(Object(CodeIgniter\CodeIgniter))
11 FCPATH\index.php(59): CodeIgniter\Boot::bootWeb(Object(Config\Paths))
12 SYSTEMPATH\rewrite.php(44): require_once('C:\\xampp\\htdocs\\codeigniter4-framework-68d1a58\\public\\index.php')
CRITICAL - 2025-11-02 13:38:56 --> [Caused by] mysqli_sql_exception: Unknown column 'owner_id' in 'where clause'
in SYSTEMPATH\Database\MySQLi\Connection.php on line 327.
 1 SYSTEMPATH\Database\MySQLi\Connection.php(327): mysqli->query('SELECT COUNT(*) AS `numrows`
FROM `complaints`
WHERE `owner_id` = \'1\'
AND `status` IN (\'open\',\'in_progress\')', 0)
 2 SYSTEMPATH\Database\BaseConnection.php(729): CodeIgniter\Database\MySQLi\Connection->execute('SELECT COUNT(*) AS `numrows`
FROM `complaints`
WHERE `owner_id` = \'1\'
AND `status` IN (\'open\',\'in_progress\')')
 3 SYSTEMPATH\Database\BaseConnection.php(646): CodeIgniter\Database\BaseConnection->simpleQuery('SELECT COUNT(*) AS `numrows`
FROM `complaints`
WHERE `owner_id` = \'1\'
AND `status` IN (\'open\',\'in_progress\')')
 4 SYSTEMPATH\Database\BaseBuilder.php(1733): CodeIgniter\Database\BaseConnection->query('SELECT COUNT(*) AS `numrows`
FROM `complaints`
WHERE `owner_id` = :owner_id:
AND `status` IN :status:', [...], false)
 5 SYSTEMPATH\Model.php(675): CodeIgniter\Database\BaseBuilder->countAllResults(true)
 6 APPPATH\Controllers\Owner.php(56): CodeIgniter\Model->countAllResults()
 7 SYSTEMPATH\CodeIgniter.php(933): App\Controllers\Owner->dashboard()
 8 SYSTEMPATH\CodeIgniter.php(507): CodeIgniter\CodeIgniter->runController(Object(App\Controllers\Owner))
 9 SYSTEMPATH\CodeIgniter.php(354): CodeIgniter\CodeIgniter->handleRequest(null, Object(Config\Cache), false)
10 SYSTEMPATH\Boot.php(363): CodeIgniter\CodeIgniter->run()
11 SYSTEMPATH\Boot.php(68): CodeIgniter\Boot::runCodeIgniter(Object(CodeIgniter\CodeIgniter))
12 FCPATH\index.php(59): CodeIgniter\Boot::bootWeb(Object(Config\Paths))
13 SYSTEMPATH\rewrite.php(44): require_once('C:\\xampp\\htdocs\\codeigniter4-framework-68d1a58\\public\\index.php')
ERROR - 2025-11-02 13:39:00 --> mysqli_sql_exception: Unknown column 'owner_id' in 'where clause' in C:\xampp\htdocs\codeigniter4-framework-68d1a58\system\Database\MySQLi\Connection.php:327
Stack trace:
#0 C:\xampp\htdocs\codeigniter4-framework-68d1a58\system\Database\MySQLi\Connection.php(327): mysqli->query('SELECT COUNT(*)...', 0)
#1 C:\xampp\htdocs\codeigniter4-framework-68d1a58\system\Database\BaseConnection.php(729): CodeIgniter\Database\MySQLi\Connection->execute('SELECT COUNT(*)...')
#2 C:\xampp\htdocs\codeigniter4-framework-68d1a58\system\Database\BaseConnection.php(646): CodeIgniter\Database\BaseConnection->simpleQuery('SELECT COUNT(*)...')
#3 C:\xampp\htdocs\codeigniter4-framework-68d1a58\system\Database\BaseBuilder.php(1733): CodeIgniter\Database\BaseConnection->query('SELECT COUNT(*)...', Array, false)
#4 C:\xampp\htdocs\codeigniter4-framework-68d1a58\system\Model.php(675): CodeIgniter\Database\BaseBuilder->countAllResults(true)
#5 C:\xampp\htdocs\codeigniter4-framework-68d1a58\app\Controllers\Owner.php(56): CodeIgniter\Model->countAllResults()
#6 C:\xampp\htdocs\codeigniter4-framework-68d1a58\system\CodeIgniter.php(933): App\Controllers\Owner->dashboard()
#7 C:\xampp\htdocs\codeigniter4-framework-68d1a58\system\CodeIgniter.php(507): CodeIgniter\CodeIgniter->runController(Object(App\Controllers\Owner))
#8 C:\xampp\htdocs\codeigniter4-framework-68d1a58\system\CodeIgniter.php(354): CodeIgniter\CodeIgniter->handleRequest(NULL, Object(Config\Cache), false)
#9 C:\xampp\htdocs\codeigniter4-framework-68d1a58\system\Boot.php(363): CodeIgniter\CodeIgniter->run()
#10 C:\xampp\htdocs\codeigniter4-framework-68d1a58\system\Boot.php(68): CodeIgniter\Boot::runCodeIgniter(Object(CodeIgniter\CodeIgniter))
#11 C:\xampp\htdocs\codeigniter4-framework-68d1a58\public\index.php(59): CodeIgniter\Boot::bootWeb(Object(Config\Paths))
#12 C:\xampp\htdocs\codeigniter4-framework-68d1a58\system\rewrite.php(44): require_once('C:\\xampp\\htdocs...')
#13 {main}
CRITICAL - 2025-11-02 13:39:00 --> CodeIgniter\Database\Exceptions\DatabaseException: Unknown column 'owner_id' in 'where clause'
[Method: GET, Route: owner/dashboard]
in SYSTEMPATH\Database\BaseConnection.php on line 684.
 1 SYSTEMPATH\Database\BaseBuilder.php(1733): CodeIgniter\Database\BaseConnection->query('SELECT COUNT(*) AS `numrows`
FROM `complaints`
WHERE `owner_id` = :owner_id:
AND `status` IN :status:', [...], false)
 2 SYSTEMPATH\Model.php(675): CodeIgniter\Database\BaseBuilder->countAllResults(true)
 3 APPPATH\Controllers\Owner.php(56): CodeIgniter\Model->countAllResults()
 4 SYSTEMPATH\CodeIgniter.php(933): App\Controllers\Owner->dashboard()
 5 SYSTEMPATH\CodeIgniter.php(507): CodeIgniter\CodeIgniter->runController(Object(App\Controllers\Owner))
 6 SYSTEMPATH\CodeIgniter.php(354): CodeIgniter\CodeIgniter->handleRequest(null, Object(Config\Cache), false)
 7 SYSTEMPATH\Boot.php(363): CodeIgniter\CodeIgniter->run()
 8 SYSTEMPATH\Boot.php(68): CodeIgniter\Boot::runCodeIgniter(Object(CodeIgniter\CodeIgniter))
 9 FCPATH\index.php(59): CodeIgniter\Boot::bootWeb(Object(Config\Paths))
10 SYSTEMPATH\rewrite.php(44): require_once('C:\\xampp\\htdocs\\codeigniter4-framework-68d1a58\\public\\index.php')
CRITICAL - 2025-11-02 13:39:00 --> [Caused by] CodeIgniter\Database\Exceptions\DatabaseException: Unknown column 'owner_id' in 'where clause'
in SYSTEMPATH\Database\MySQLi\Connection.php on line 332.
 1 SYSTEMPATH\Database\BaseConnection.php(729): CodeIgniter\Database\MySQLi\Connection->execute('SELECT COUNT(*) AS `numrows`
FROM `complaints`
WHERE `owner_id` = \'1\'
AND `status` IN (\'open\',\'in_progress\')')
 2 SYSTEMPATH\Database\BaseConnection.php(646): CodeIgniter\Database\BaseConnection->simpleQuery('SELECT COUNT(*) AS `numrows`
FROM `complaints`
WHERE `owner_id` = \'1\'
AND `status` IN (\'open\',\'in_progress\')')
 3 SYSTEMPATH\Database\BaseBuilder.php(1733): CodeIgniter\Database\BaseConnection->query('SELECT COUNT(*) AS `numrows`
FROM `complaints`
WHERE `owner_id` = :owner_id:
AND `status` IN :status:', [...], false)
 4 SYSTEMPATH\Model.php(675): CodeIgniter\Database\BaseBuilder->countAllResults(true)
 5 APPPATH\Controllers\Owner.php(56): CodeIgniter\Model->countAllResults()
 6 SYSTEMPATH\CodeIgniter.php(933): App\Controllers\Owner->dashboard()
 7 SYSTEMPATH\CodeIgniter.php(507): CodeIgniter\CodeIgniter->runController(Object(App\Controllers\Owner))
 8 SYSTEMPATH\CodeIgniter.php(354): CodeIgniter\CodeIgniter->handleRequest(null, Object(Config\Cache), false)
 9 SYSTEMPATH\Boot.php(363): CodeIgniter\CodeIgniter->run()
10 SYSTEMPATH\Boot.php(68): CodeIgniter\Boot::runCodeIgniter(Object(CodeIgniter\CodeIgniter))
11 FCPATH\index.php(59): CodeIgniter\Boot::bootWeb(Object(Config\Paths))
12 SYSTEMPATH\rewrite.php(44): require_once('C:\\xampp\\htdocs\\codeigniter4-framework-68d1a58\\public\\index.php')
CRITICAL - 2025-11-02 13:39:00 --> [Caused by] mysqli_sql_exception: Unknown column 'owner_id' in 'where clause'
in SYSTEMPATH\Database\MySQLi\Connection.php on line 327.
 1 SYSTEMPATH\Database\MySQLi\Connection.php(327): mysqli->query('SELECT COUNT(*) AS `numrows`
FROM `complaints`
WHERE `owner_id` = \'1\'
AND `status` IN (\'open\',\'in_progress\')', 0)
 2 SYSTEMPATH\Database\BaseConnection.php(729): CodeIgniter\Database\MySQLi\Connection->execute('SELECT COUNT(*) AS `numrows`
FROM `complaints`
WHERE `owner_id` = \'1\'
AND `status` IN (\'open\',\'in_progress\')')
 3 SYSTEMPATH\Database\BaseConnection.php(646): CodeIgniter\Database\BaseConnection->simpleQuery('SELECT COUNT(*) AS `numrows`
FROM `complaints`
WHERE `owner_id` = \'1\'
AND `status` IN (\'open\',\'in_progress\')')
 4 SYSTEMPATH\Database\BaseBuilder.php(1733): CodeIgniter\Database\BaseConnection->query('SELECT COUNT(*) AS `numrows`
FROM `complaints`
WHERE `owner_id` = :owner_id:
AND `status` IN :status:', [...], false)
 5 SYSTEMPATH\Model.php(675): CodeIgniter\Database\BaseBuilder->countAllResults(true)
 6 APPPATH\Controllers\Owner.php(56): CodeIgniter\Model->countAllResults()
 7 SYSTEMPATH\CodeIgniter.php(933): App\Controllers\Owner->dashboard()
 8 SYSTEMPATH\CodeIgniter.php(507): CodeIgniter\CodeIgniter->runController(Object(App\Controllers\Owner))
 9 SYSTEMPATH\CodeIgniter.php(354): CodeIgniter\CodeIgniter->handleRequest(null, Object(Config\Cache), false)
10 SYSTEMPATH\Boot.php(363): CodeIgniter\CodeIgniter->run()
11 SYSTEMPATH\Boot.php(68): CodeIgniter\Boot::runCodeIgniter(Object(CodeIgniter\CodeIgniter))
12 FCPATH\index.php(59): CodeIgniter\Boot::bootWeb(Object(Config\Paths))
13 SYSTEMPATH\rewrite.php(44): require_once('C:\\xampp\\htdocs\\codeigniter4-framework-68d1a58\\public\\index.php')
ERROR - 2025-11-02 13:39:03 --> mysqli_sql_exception: Unknown column 'owner_id' in 'where clause' in C:\xampp\htdocs\codeigniter4-framework-68d1a58\system\Database\MySQLi\Connection.php:327
Stack trace:
#0 C:\xampp\htdocs\codeigniter4-framework-68d1a58\system\Database\MySQLi\Connection.php(327): mysqli->query('SELECT COUNT(*)...', 0)
#1 C:\xampp\htdocs\codeigniter4-framework-68d1a58\system\Database\BaseConnection.php(729): CodeIgniter\Database\MySQLi\Connection->execute('SELECT COUNT(*)...')
#2 C:\xampp\htdocs\codeigniter4-framework-68d1a58\system\Database\BaseConnection.php(646): CodeIgniter\Database\BaseConnection->simpleQuery('SELECT COUNT(*)...')
#3 C:\xampp\htdocs\codeigniter4-framework-68d1a58\system\Database\BaseBuilder.php(1733): CodeIgniter\Database\BaseConnection->query('SELECT COUNT(*)...', Array, false)
#4 C:\xampp\htdocs\codeigniter4-framework-68d1a58\system\Model.php(675): CodeIgniter\Database\BaseBuilder->countAllResults(true)
#5 C:\xampp\htdocs\codeigniter4-framework-68d1a58\app\Controllers\Owner.php(56): CodeIgniter\Model->countAllResults()
#6 C:\xampp\htdocs\codeigniter4-framework-68d1a58\system\CodeIgniter.php(933): App\Controllers\Owner->dashboard()
#7 C:\xampp\htdocs\codeigniter4-framework-68d1a58\system\CodeIgniter.php(507): CodeIgniter\CodeIgniter->runController(Object(App\Controllers\Owner))
#8 C:\xampp\htdocs\codeigniter4-framework-68d1a58\system\CodeIgniter.php(354): CodeIgniter\CodeIgniter->handleRequest(NULL, Object(Config\Cache), false)
#9 C:\xampp\htdocs\codeigniter4-framework-68d1a58\system\Boot.php(363): CodeIgniter\CodeIgniter->run()
#10 C:\xampp\htdocs\codeigniter4-framework-68d1a58\system\Boot.php(68): CodeIgniter\Boot::runCodeIgniter(Object(CodeIgniter\CodeIgniter))
#11 C:\xampp\htdocs\codeigniter4-framework-68d1a58\public\index.php(59): CodeIgniter\Boot::bootWeb(Object(Config\Paths))
#12 C:\xampp\htdocs\codeigniter4-framework-68d1a58\system\rewrite.php(44): require_once('C:\\xampp\\htdocs...')
#13 {main}
CRITICAL - 2025-11-02 13:39:03 --> CodeIgniter\Database\Exceptions\DatabaseException: Unknown column 'owner_id' in 'where clause'
[Method: GET, Route: owner/dashboard]
in SYSTEMPATH\Database\BaseConnection.php on line 684.
 1 SYSTEMPATH\Database\BaseBuilder.php(1733): CodeIgniter\Database\BaseConnection->query('SELECT COUNT(*) AS `numrows`
FROM `complaints`
WHERE `owner_id` = :owner_id:
AND `status` IN :status:', [...], false)
 2 SYSTEMPATH\Model.php(675): CodeIgniter\Database\BaseBuilder->countAllResults(true)
 3 APPPATH\Controllers\Owner.php(56): CodeIgniter\Model->countAllResults()
 4 SYSTEMPATH\CodeIgniter.php(933): App\Controllers\Owner->dashboard()
 5 SYSTEMPATH\CodeIgniter.php(507): CodeIgniter\CodeIgniter->runController(Object(App\Controllers\Owner))
 6 SYSTEMPATH\CodeIgniter.php(354): CodeIgniter\CodeIgniter->handleRequest(null, Object(Config\Cache), false)
 7 SYSTEMPATH\Boot.php(363): CodeIgniter\CodeIgniter->run()
 8 SYSTEMPATH\Boot.php(68): CodeIgniter\Boot::runCodeIgniter(Object(CodeIgniter\CodeIgniter))
 9 FCPATH\index.php(59): CodeIgniter\Boot::bootWeb(Object(Config\Paths))
10 SYSTEMPATH\rewrite.php(44): require_once('C:\\xampp\\htdocs\\codeigniter4-framework-68d1a58\\public\\index.php')
CRITICAL - 2025-11-02 13:39:03 --> [Caused by] CodeIgniter\Database\Exceptions\DatabaseException: Unknown column 'owner_id' in 'where clause'
in SYSTEMPATH\Database\MySQLi\Connection.php on line 332.
 1 SYSTEMPATH\Database\BaseConnection.php(729): CodeIgniter\Database\MySQLi\Connection->execute('SELECT COUNT(*) AS `numrows`
FROM `complaints`
WHERE `owner_id` = \'1\'
AND `status` IN (\'open\',\'in_progress\')')
 2 SYSTEMPATH\Database\BaseConnection.php(646): CodeIgniter\Database\BaseConnection->simpleQuery('SELECT COUNT(*) AS `numrows`
FROM `complaints`
WHERE `owner_id` = \'1\'
AND `status` IN (\'open\',\'in_progress\')')
 3 SYSTEMPATH\Database\BaseBuilder.php(1733): CodeIgniter\Database\BaseConnection->query('SELECT COUNT(*) AS `numrows`
FROM `complaints`
WHERE `owner_id` = :owner_id:
AND `status` IN :status:', [...], false)
 4 SYSTEMPATH\Model.php(675): CodeIgniter\Database\BaseBuilder->countAllResults(true)
 5 APPPATH\Controllers\Owner.php(56): CodeIgniter\Model->countAllResults()
 6 SYSTEMPATH\CodeIgniter.php(933): App\Controllers\Owner->dashboard()
 7 SYSTEMPATH\CodeIgniter.php(507): CodeIgniter\CodeIgniter->runController(Object(App\Controllers\Owner))
 8 SYSTEMPATH\CodeIgniter.php(354): CodeIgniter\CodeIgniter->handleRequest(null, Object(Config\Cache), false)
 9 SYSTEMPATH\Boot.php(363): CodeIgniter\CodeIgniter->run()
10 SYSTEMPATH\Boot.php(68): CodeIgniter\Boot::runCodeIgniter(Object(CodeIgniter\CodeIgniter))
11 FCPATH\index.php(59): CodeIgniter\Boot::bootWeb(Object(Config\Paths))
12 SYSTEMPATH\rewrite.php(44): require_once('C:\\xampp\\htdocs\\codeigniter4-framework-68d1a58\\public\\index.php')
CRITICAL - 2025-11-02 13:39:03 --> [Caused by] mysqli_sql_exception: Unknown column 'owner_id' in 'where clause'
in SYSTEMPATH\Database\MySQLi\Connection.php on line 327.
 1 SYSTEMPATH\Database\MySQLi\Connection.php(327): mysqli->query('SELECT COUNT(*) AS `numrows`
FROM `complaints`
WHERE `owner_id` = \'1\'
AND `status` IN (\'open\',\'in_progress\')', 0)
 2 SYSTEMPATH\Database\BaseConnection.php(729): CodeIgniter\Database\MySQLi\Connection->execute('SELECT COUNT(*) AS `numrows`
FROM `complaints`
WHERE `owner_id` = \'1\'
AND `status` IN (\'open\',\'in_progress\')')
 3 SYSTEMPATH\Database\BaseConnection.php(646): CodeIgniter\Database\BaseConnection->simpleQuery('SELECT COUNT(*) AS `numrows`
FROM `complaints`
WHERE `owner_id` = \'1\'
AND `status` IN (\'open\',\'in_progress\')')
 4 SYSTEMPATH\Database\BaseBuilder.php(1733): CodeIgniter\Database\BaseConnection->query('SELECT COUNT(*) AS `numrows`
FROM `complaints`
WHERE `owner_id` = :owner_id:
AND `status` IN :status:', [...], false)
 5 SYSTEMPATH\Model.php(675): CodeIgniter\Database\BaseBuilder->countAllResults(true)
 6 APPPATH\Controllers\Owner.php(56): CodeIgniter\Model->countAllResults()
 7 SYSTEMPATH\CodeIgniter.php(933): App\Controllers\Owner->dashboard()
 8 SYSTEMPATH\CodeIgniter.php(507): CodeIgniter\CodeIgniter->runController(Object(App\Controllers\Owner))
 9 SYSTEMPATH\CodeIgniter.php(354): CodeIgniter\CodeIgniter->handleRequest(null, Object(Config\Cache), false)
10 SYSTEMPATH\Boot.php(363): CodeIgniter\CodeIgniter->run()
11 SYSTEMPATH\Boot.php(68): CodeIgniter\Boot::runCodeIgniter(Object(CodeIgniter\CodeIgniter))
12 FCPATH\index.php(59): CodeIgniter\Boot::bootWeb(Object(Config\Paths))
13 SYSTEMPATH\rewrite.php(44): require_once('C:\\xampp\\htdocs\\codeigniter4-framework-68d1a58\\public\\index.php')
ERROR - 2025-11-02 13:39:10 --> mysqli_sql_exception: Unknown column 'owner_id' in 'where clause' in C:\xampp\htdocs\codeigniter4-framework-68d1a58\system\Database\MySQLi\Connection.php:327
Stack trace:
#0 C:\xampp\htdocs\codeigniter4-framework-68d1a58\system\Database\MySQLi\Connection.php(327): mysqli->query('SELECT COUNT(*)...', 0)
#1 C:\xampp\htdocs\codeigniter4-framework-68d1a58\system\Database\BaseConnection.php(729): CodeIgniter\Database\MySQLi\Connection->execute('SELECT COUNT(*)...')
#2 C:\xampp\htdocs\codeigniter4-framework-68d1a58\system\Database\BaseConnection.php(646): CodeIgniter\Database\BaseConnection->simpleQuery('SELECT COUNT(*)...')
#3 C:\xampp\htdocs\codeigniter4-framework-68d1a58\system\Database\BaseBuilder.php(1733): CodeIgniter\Database\BaseConnection->query('SELECT COUNT(*)...', Array, false)
#4 C:\xampp\htdocs\codeigniter4-framework-68d1a58\system\Model.php(675): CodeIgniter\Database\BaseBuilder->countAllResults(true)
#5 C:\xampp\htdocs\codeigniter4-framework-68d1a58\app\Controllers\Owner.php(56): CodeIgniter\Model->countAllResults()
#6 C:\xampp\htdocs\codeigniter4-framework-68d1a58\system\CodeIgniter.php(933): App\Controllers\Owner->dashboard()
#7 C:\xampp\htdocs\codeigniter4-framework-68d1a58\system\CodeIgniter.php(507): CodeIgniter\CodeIgniter->runController(Object(App\Controllers\Owner))
#8 C:\xampp\htdocs\codeigniter4-framework-68d1a58\system\CodeIgniter.php(354): CodeIgniter\CodeIgniter->handleRequest(NULL, Object(Config\Cache), false)
#9 C:\xampp\htdocs\codeigniter4-framework-68d1a58\system\Boot.php(363): CodeIgniter\CodeIgniter->run()
#10 C:\xampp\htdocs\codeigniter4-framework-68d1a58\system\Boot.php(68): CodeIgniter\Boot::runCodeIgniter(Object(CodeIgniter\CodeIgniter))
#11 C:\xampp\htdocs\codeigniter4-framework-68d1a58\public\index.php(59): CodeIgniter\Boot::bootWeb(Object(Config\Paths))
#12 C:\xampp\htdocs\codeigniter4-framework-68d1a58\system\rewrite.php(44): require_once('C:\\xampp\\htdocs...')
#13 {main}
CRITICAL - 2025-11-02 13:39:10 --> CodeIgniter\Database\Exceptions\DatabaseException: Unknown column 'owner_id' in 'where clause'
[Method: GET, Route: owner/dashboard]
in SYSTEMPATH\Database\BaseConnection.php on line 684.
 1 SYSTEMPATH\Database\BaseBuilder.php(1733): CodeIgniter\Database\BaseConnection->query('SELECT COUNT(*) AS `numrows`
FROM `complaints`
WHERE `owner_id` = :owner_id:
AND `status` IN :status:', [...], false)
 2 SYSTEMPATH\Model.php(675): CodeIgniter\Database\BaseBuilder->countAllResults(true)
 3 APPPATH\Controllers\Owner.php(56): CodeIgniter\Model->countAllResults()
 4 SYSTEMPATH\CodeIgniter.php(933): App\Controllers\Owner->dashboard()
 5 SYSTEMPATH\CodeIgniter.php(507): CodeIgniter\CodeIgniter->runController(Object(App\Controllers\Owner))
 6 SYSTEMPATH\CodeIgniter.php(354): CodeIgniter\CodeIgniter->handleRequest(null, Object(Config\Cache), false)
 7 SYSTEMPATH\Boot.php(363): CodeIgniter\CodeIgniter->run()
 8 SYSTEMPATH\Boot.php(68): CodeIgniter\Boot::runCodeIgniter(Object(CodeIgniter\CodeIgniter))
 9 FCPATH\index.php(59): CodeIgniter\Boot::bootWeb(Object(Config\Paths))
10 SYSTEMPATH\rewrite.php(44): require_once('C:\\xampp\\htdocs\\codeigniter4-framework-68d1a58\\public\\index.php')
CRITICAL - 2025-11-02 13:39:10 --> [Caused by] CodeIgniter\Database\Exceptions\DatabaseException: Unknown column 'owner_id' in 'where clause'
in SYSTEMPATH\Database\MySQLi\Connection.php on line 332.
 1 SYSTEMPATH\Database\BaseConnection.php(729): CodeIgniter\Database\MySQLi\Connection->execute('SELECT COUNT(*) AS `numrows`
FROM `complaints`
WHERE `owner_id` = \'1\'
AND `status` IN (\'open\',\'in_progress\')')
 2 SYSTEMPATH\Database\BaseConnection.php(646): CodeIgniter\Database\BaseConnection->simpleQuery('SELECT COUNT(*) AS `numrows`
FROM `complaints`
WHERE `owner_id` = \'1\'
AND `status` IN (\'open\',\'in_progress\')')
 3 SYSTEMPATH\Database\BaseBuilder.php(1733): CodeIgniter\Database\BaseConnection->query('SELECT COUNT(*) AS `numrows`
FROM `complaints`
WHERE `owner_id` = :owner_id:
AND `status` IN :status:', [...], false)
 4 SYSTEMPATH\Model.php(675): CodeIgniter\Database\BaseBuilder->countAllResults(true)
 5 APPPATH\Controllers\Owner.php(56): CodeIgniter\Model->countAllResults()
 6 SYSTEMPATH\CodeIgniter.php(933): App\Controllers\Owner->dashboard()
 7 SYSTEMPATH\CodeIgniter.php(507): CodeIgniter\CodeIgniter->runController(Object(App\Controllers\Owner))
 8 SYSTEMPATH\CodeIgniter.php(354): CodeIgniter\CodeIgniter->handleRequest(null, Object(Config\Cache), false)
 9 SYSTEMPATH\Boot.php(363): CodeIgniter\CodeIgniter->run()
10 SYSTEMPATH\Boot.php(68): CodeIgniter\Boot::runCodeIgniter(Object(CodeIgniter\CodeIgniter))
11 FCPATH\index.php(59): CodeIgniter\Boot::bootWeb(Object(Config\Paths))
12 SYSTEMPATH\rewrite.php(44): require_once('C:\\xampp\\htdocs\\codeigniter4-framework-68d1a58\\public\\index.php')
CRITICAL - 2025-11-02 13:39:10 --> [Caused by] mysqli_sql_exception: Unknown column 'owner_id' in 'where clause'
in SYSTEMPATH\Database\MySQLi\Connection.php on line 327.
 1 SYSTEMPATH\Database\MySQLi\Connection.php(327): mysqli->query('SELECT COUNT(*) AS `numrows`
FROM `complaints`
WHERE `owner_id` = \'1\'
AND `status` IN (\'open\',\'in_progress\')', 0)
 2 SYSTEMPATH\Database\BaseConnection.php(729): CodeIgniter\Database\MySQLi\Connection->execute('SELECT COUNT(*) AS `numrows`
FROM `complaints`
WHERE `owner_id` = \'1\'
AND `status` IN (\'open\',\'in_progress\')')
 3 SYSTEMPATH\Database\BaseConnection.php(646): CodeIgniter\Database\BaseConnection->simpleQuery('SELECT COUNT(*) AS `numrows`
FROM `complaints`
WHERE `owner_id` = \'1\'
AND `status` IN (\'open\',\'in_progress\')')
 4 SYSTEMPATH\Database\BaseBuilder.php(1733): CodeIgniter\Database\BaseConnection->query('SELECT COUNT(*) AS `numrows`
FROM `complaints`
WHERE `owner_id` = :owner_id:
AND `status` IN :status:', [...], false)
 5 SYSTEMPATH\Model.php(675): CodeIgniter\Database\BaseBuilder->countAllResults(true)
 6 APPPATH\Controllers\Owner.php(56): CodeIgniter\Model->countAllResults()
 7 SYSTEMPATH\CodeIgniter.php(933): App\Controllers\Owner->dashboard()
 8 SYSTEMPATH\CodeIgniter.php(507): CodeIgniter\CodeIgniter->runController(Object(App\Controllers\Owner))
 9 SYSTEMPATH\CodeIgniter.php(354): CodeIgniter\CodeIgniter->handleRequest(null, Object(Config\Cache), false)
10 SYSTEMPATH\Boot.php(363): CodeIgniter\CodeIgniter->run()
11 SYSTEMPATH\Boot.php(68): CodeIgniter\Boot::runCodeIgniter(Object(CodeIgniter\CodeIgniter))
12 FCPATH\index.php(59): CodeIgniter\Boot::bootWeb(Object(Config\Paths))
13 SYSTEMPATH\rewrite.php(44): require_once('C:\\xampp\\htdocs\\codeigniter4-framework-68d1a58\\public\\index.php')
CRITICAL - 2025-11-02 15:48:31 --> TypeError: App\Models\ComplaintModel::getComplaintsByOwner(): Argument #1 ($ownerId) must be of type int, null given, called in C:\xampp\htdocs\codeigniter4-framework-68d1a58\app\Controllers\Employee.php on line 43
[Method: GET, Route: employee/dashboard]
in APPPATH\Models\ComplaintModel.php on line 75.
 1 APPPATH\Controllers\Employee.php(43): App\Models\ComplaintModel->getComplaintsByOwner(null)
 2 SYSTEMPATH\CodeIgniter.php(933): App\Controllers\Employee->dashboard()
 3 SYSTEMPATH\CodeIgniter.php(507): CodeIgniter\CodeIgniter->runController(Object(App\Controllers\Employee))
 4 SYSTEMPATH\CodeIgniter.php(354): CodeIgniter\CodeIgniter->handleRequest(null, Object(Config\Cache), false)
 5 SYSTEMPATH\Boot.php(363): CodeIgniter\CodeIgniter->run()
 6 SYSTEMPATH\Boot.php(68): CodeIgniter\Boot::runCodeIgniter(Object(CodeIgniter\CodeIgniter))
 7 FCPATH\index.php(59): CodeIgniter\Boot::bootWeb(Object(Config\Paths))
 8 SYSTEMPATH\rewrite.php(44): require_once('C:\\xampp\\htdocs\\codeigniter4-framework-68d1a58\\public\\index.php')
CRITICAL - 2025-11-02 15:48:32 --> TypeError: App\Models\ComplaintModel::getComplaintsByOwner(): Argument #1 ($ownerId) must be of type int, null given, called in C:\xampp\htdocs\codeigniter4-framework-68d1a58\app\Controllers\Employee.php on line 43
[Method: GET, Route: employee/dashboard]
in APPPATH\Models\ComplaintModel.php on line 75.
 1 APPPATH\Controllers\Employee.php(43): App\Models\ComplaintModel->getComplaintsByOwner(null)
 2 SYSTEMPATH\CodeIgniter.php(933): App\Controllers\Employee->dashboard()
 3 SYSTEMPATH\CodeIgniter.php(507): CodeIgniter\CodeIgniter->runController(Object(App\Controllers\Employee))
 4 SYSTEMPATH\CodeIgniter.php(354): CodeIgniter\CodeIgniter->handleRequest(null, Object(Config\Cache), false)
 5 SYSTEMPATH\Boot.php(363): CodeIgniter\CodeIgniter->run()
 6 SYSTEMPATH\Boot.php(68): CodeIgniter\Boot::runCodeIgniter(Object(CodeIgniter\CodeIgniter))
 7 FCPATH\index.php(59): CodeIgniter\Boot::bootWeb(Object(Config\Paths))
 8 SYSTEMPATH\rewrite.php(44): require_once('C:\\xampp\\htdocs\\codeigniter4-framework-68d1a58\\public\\index.php')
CRITICAL - 2025-11-02 15:48:33 --> TypeError: App\Models\ComplaintModel::getComplaintsByOwner(): Argument #1 ($ownerId) must be of type int, null given, called in C:\xampp\htdocs\codeigniter4-framework-68d1a58\app\Controllers\Employee.php on line 43
[Method: GET, Route: employee/dashboard]
in APPPATH\Models\ComplaintModel.php on line 75.
 1 APPPATH\Controllers\Employee.php(43): App\Models\ComplaintModel->getComplaintsByOwner(null)
 2 SYSTEMPATH\CodeIgniter.php(933): App\Controllers\Employee->dashboard()
 3 SYSTEMPATH\CodeIgniter.php(507): CodeIgniter\CodeIgniter->runController(Object(App\Controllers\Employee))
 4 SYSTEMPATH\CodeIgniter.php(354): CodeIgniter\CodeIgniter->handleRequest(null, Object(Config\Cache), false)
 5 SYSTEMPATH\Boot.php(363): CodeIgniter\CodeIgniter->run()
 6 SYSTEMPATH\Boot.php(68): CodeIgniter\Boot::runCodeIgniter(Object(CodeIgniter\CodeIgniter))
 7 FCPATH\index.php(59): CodeIgniter\Boot::bootWeb(Object(Config\Paths))
 8 SYSTEMPATH\rewrite.php(44): require_once('C:\\xampp\\htdocs\\codeigniter4-framework-68d1a58\\public\\index.php')
CRITICAL - 2025-11-02 15:49:29 --> ErrorException: Undefined array key "status"
[Method: GET, Route: tenant/payments]
in APPPATH\Views\tenant\payments.php on line 80.
 1 APPPATH\Views\tenant\payments.php(80): CodeIgniter\Debug\Exceptions->errorHandler(2, 'Undefined array key "status"', 'C:\\xampp\\htdocs\\codeigniter4-framework-68d1a58\\app\\Views\\tenant\\payments.php', 80)
 2 [internal function]: CodeIgniter\View\View->{closure}([...])
 3 APPPATH\Views\tenant\payments.php(80): array_filter([...], Object(Closure))
 4 SYSTEMPATH\View\View.php(226): include('C:\\xampp\\htdocs\\codeigniter4-framework-68d1a58\\app\\Views\\tenant\\payments.php')
 5 SYSTEMPATH\View\View.php(229): CodeIgniter\View\View->CodeIgniter\View\{closure}()
 6 SYSTEMPATH\Common.php(1167): CodeIgniter\View\View->render('tenant/payments', [], true)
 7 APPPATH\Controllers\Tenant.php(195): view('tenant/payments', [...])
 8 SYSTEMPATH\CodeIgniter.php(933): App\Controllers\Tenant->payments()
 9 SYSTEMPATH\CodeIgniter.php(507): CodeIgniter\CodeIgniter->runController(Object(App\Controllers\Tenant))
10 SYSTEMPATH\CodeIgniter.php(354): CodeIgniter\CodeIgniter->handleRequest(null, Object(Config\Cache), false)
11 SYSTEMPATH\Boot.php(363): CodeIgniter\CodeIgniter->run()
12 SYSTEMPATH\Boot.php(68): CodeIgniter\Boot::runCodeIgniter(Object(CodeIgniter\CodeIgniter))
13 FCPATH\index.php(59): CodeIgniter\Boot::bootWeb(Object(Config\Paths))
14 SYSTEMPATH\rewrite.php(44): require_once('C:\\xampp\\htdocs\\codeigniter4-framework-68d1a58\\public\\index.php')
CRITICAL - 2025-11-02 15:49:51 --> TypeError: App\Models\ComplaintModel::getComplaintsByOwner(): Argument #1 ($ownerId) must be of type int, null given, called in C:\xampp\htdocs\codeigniter4-framework-68d1a58\app\Controllers\Employee.php on line 43
[Method: GET, Route: employee/dashboard]
in APPPATH\Models\ComplaintModel.php on line 75.
 1 APPPATH\Controllers\Employee.php(43): App\Models\ComplaintModel->getComplaintsByOwner(null)
 2 SYSTEMPATH\CodeIgniter.php(933): App\Controllers\Employee->dashboard()
 3 SYSTEMPATH\CodeIgniter.php(507): CodeIgniter\CodeIgniter->runController(Object(App\Controllers\Employee))
 4 SYSTEMPATH\CodeIgniter.php(354): CodeIgniter\CodeIgniter->handleRequest(null, Object(Config\Cache), false)
 5 SYSTEMPATH\Boot.php(363): CodeIgniter\CodeIgniter->run()
 6 SYSTEMPATH\Boot.php(68): CodeIgniter\Boot::runCodeIgniter(Object(CodeIgniter\CodeIgniter))
 7 FCPATH\index.php(59): CodeIgniter\Boot::bootWeb(Object(Config\Paths))
 8 SYSTEMPATH\rewrite.php(44): require_once('C:\\xampp\\htdocs\\codeigniter4-framework-68d1a58\\public\\index.php')
CRITICAL - 2025-11-02 15:49:52 --> TypeError: App\Models\ComplaintModel::getComplaintsByOwner(): Argument #1 ($ownerId) must be of type int, null given, called in C:\xampp\htdocs\codeigniter4-framework-68d1a58\app\Controllers\Employee.php on line 43
[Method: GET, Route: employee/dashboard]
in APPPATH\Models\ComplaintModel.php on line 75.
 1 APPPATH\Controllers\Employee.php(43): App\Models\ComplaintModel->getComplaintsByOwner(null)
 2 SYSTEMPATH\CodeIgniter.php(933): App\Controllers\Employee->dashboard()
 3 SYSTEMPATH\CodeIgniter.php(507): CodeIgniter\CodeIgniter->runController(Object(App\Controllers\Employee))
 4 SYSTEMPATH\CodeIgniter.php(354): CodeIgniter\CodeIgniter->handleRequest(null, Object(Config\Cache), false)
 5 SYSTEMPATH\Boot.php(363): CodeIgniter\CodeIgniter->run()
 6 SYSTEMPATH\Boot.php(68): CodeIgniter\Boot::runCodeIgniter(Object(CodeIgniter\CodeIgniter))
 7 FCPATH\index.php(59): CodeIgniter\Boot::bootWeb(Object(Config\Paths))
 8 SYSTEMPATH\rewrite.php(44): require_once('C:\\xampp\\htdocs\\codeigniter4-framework-68d1a58\\public\\index.php')
CRITICAL - 2025-11-02 15:49:57 --> TypeError: App\Models\ComplaintModel::getComplaintsByOwner(): Argument #1 ($ownerId) must be of type int, null given, called in C:\xampp\htdocs\codeigniter4-framework-68d1a58\app\Controllers\Employee.php on line 43
[Method: GET, Route: employee/dashboard]
in APPPATH\Models\ComplaintModel.php on line 75.
 1 APPPATH\Controllers\Employee.php(43): App\Models\ComplaintModel->getComplaintsByOwner(null)
 2 SYSTEMPATH\CodeIgniter.php(933): App\Controllers\Employee->dashboard()
 3 SYSTEMPATH\CodeIgniter.php(507): CodeIgniter\CodeIgniter->runController(Object(App\Controllers\Employee))
 4 SYSTEMPATH\CodeIgniter.php(354): CodeIgniter\CodeIgniter->handleRequest(null, Object(Config\Cache), false)
 5 SYSTEMPATH\Boot.php(363): CodeIgniter\CodeIgniter->run()
 6 SYSTEMPATH\Boot.php(68): CodeIgniter\Boot::runCodeIgniter(Object(CodeIgniter\CodeIgniter))
 7 FCPATH\index.php(59): CodeIgniter\Boot::bootWeb(Object(Config\Paths))
 8 SYSTEMPATH\rewrite.php(44): require_once('C:\\xampp\\htdocs\\codeigniter4-framework-68d1a58\\public\\index.php')
CRITICAL - 2025-11-02 15:49:58 --> TypeError: App\Models\ComplaintModel::getComplaintsByOwner(): Argument #1 ($ownerId) must be of type int, null given, called in C:\xampp\htdocs\codeigniter4-framework-68d1a58\app\Controllers\Employee.php on line 43
[Method: GET, Route: employee/dashboard]
in APPPATH\Models\ComplaintModel.php on line 75.
 1 APPPATH\Controllers\Employee.php(43): App\Models\ComplaintModel->getComplaintsByOwner(null)
 2 SYSTEMPATH\CodeIgniter.php(933): App\Controllers\Employee->dashboard()
 3 SYSTEMPATH\CodeIgniter.php(507): CodeIgniter\CodeIgniter->runController(Object(App\Controllers\Employee))
 4 SYSTEMPATH\CodeIgniter.php(354): CodeIgniter\CodeIgniter->handleRequest(null, Object(Config\Cache), false)
 5 SYSTEMPATH\Boot.php(363): CodeIgniter\CodeIgniter->run()
 6 SYSTEMPATH\Boot.php(68): CodeIgniter\Boot::runCodeIgniter(Object(CodeIgniter\CodeIgniter))
 7 FCPATH\index.php(59): CodeIgniter\Boot::bootWeb(Object(Config\Paths))
 8 SYSTEMPATH\rewrite.php(44): require_once('C:\\xampp\\htdocs\\codeigniter4-framework-68d1a58\\public\\index.php')
CRITICAL - 2025-11-02 15:50:45 --> ErrorException: Undefined array key "status"
[Method: GET, Route: tenant/payments]
in APPPATH\Views\tenant\payments.php on line 80.
 1 APPPATH\Views\tenant\payments.php(80): CodeIgniter\Debug\Exceptions->errorHandler(2, 'Undefined array key "status"', 'C:\\xampp\\htdocs\\codeigniter4-framework-68d1a58\\app\\Views\\tenant\\payments.php', 80)
 2 [internal function]: CodeIgniter\View\View->{closure}([...])
 3 APPPATH\Views\tenant\payments.php(80): array_filter([...], Object(Closure))
 4 SYSTEMPATH\View\View.php(226): include('C:\\xampp\\htdocs\\codeigniter4-framework-68d1a58\\app\\Views\\tenant\\payments.php')
 5 SYSTEMPATH\View\View.php(229): CodeIgniter\View\View->CodeIgniter\View\{closure}()
 6 SYSTEMPATH\Common.php(1167): CodeIgniter\View\View->render('tenant/payments', [], true)
 7 APPPATH\Controllers\Tenant.php(195): view('tenant/payments', [...])
 8 SYSTEMPATH\CodeIgniter.php(933): App\Controllers\Tenant->payments()
 9 SYSTEMPATH\CodeIgniter.php(507): CodeIgniter\CodeIgniter->runController(Object(App\Controllers\Tenant))
10 SYSTEMPATH\CodeIgniter.php(354): CodeIgniter\CodeIgniter->handleRequest(null, Object(Config\Cache), false)
11 SYSTEMPATH\Boot.php(363): CodeIgniter\CodeIgniter->run()
12 SYSTEMPATH\Boot.php(68): CodeIgniter\Boot::runCodeIgniter(Object(CodeIgniter\CodeIgniter))
13 FCPATH\index.php(59): CodeIgniter\Boot::bootWeb(Object(Config\Paths))
14 SYSTEMPATH\rewrite.php(44): require_once('C:\\xampp\\htdocs\\codeigniter4-framework-68d1a58\\public\\index.php')
CRITICAL - 2025-11-02 15:59:40 --> ErrorException: Undefined array key "status"
[Method: GET, Route: tenant/payments]
in APPPATH\Views\tenant\payments.php on line 80.
 1 APPPATH\Views\tenant\payments.php(80): CodeIgniter\Debug\Exceptions->errorHandler(2, 'Undefined array key "status"', 'C:\\xampp\\htdocs\\codeigniter4-framework-68d1a58\\app\\Views\\tenant\\payments.php', 80)
 2 [internal function]: CodeIgniter\View\View->{closure}([...])
 3 APPPATH\Views\tenant\payments.php(80): array_filter([...], Object(Closure))
 4 SYSTEMPATH\View\View.php(226): include('C:\\xampp\\htdocs\\codeigniter4-framework-68d1a58\\app\\Views\\tenant\\payments.php')
 5 SYSTEMPATH\View\View.php(229): CodeIgniter\View\View->CodeIgniter\View\{closure}()
 6 SYSTEMPATH\Common.php(1167): CodeIgniter\View\View->render('tenant/payments', [], true)
 7 APPPATH\Controllers\Tenant.php(195): view('tenant/payments', [...])
 8 SYSTEMPATH\CodeIgniter.php(933): App\Controllers\Tenant->payments()
 9 SYSTEMPATH\CodeIgniter.php(507): CodeIgniter\CodeIgniter->runController(Object(App\Controllers\Tenant))
10 SYSTEMPATH\CodeIgniter.php(354): CodeIgniter\CodeIgniter->handleRequest(null, Object(Config\Cache), false)
11 SYSTEMPATH\Boot.php(363): CodeIgniter\CodeIgniter->run()
12 SYSTEMPATH\Boot.php(68): CodeIgniter\Boot::runCodeIgniter(Object(CodeIgniter\CodeIgniter))
13 FCPATH\index.php(59): CodeIgniter\Boot::bootWeb(Object(Config\Paths))
14 SYSTEMPATH\rewrite.php(44): require_once('C:\\xampp\\htdocs\\codeigniter4-framework-68d1a58\\public\\index.php')
CRITICAL - 2025-11-02 16:00:17 --> ErrorException: Undefined array key "status"
[Method: GET, Route: tenant/payments]
in APPPATH\Views\tenant\payments.php on line 80.
 1 APPPATH\Views\tenant\payments.php(80): CodeIgniter\Debug\Exceptions->errorHandler(2, 'Undefined array key "status"', 'C:\\xampp\\htdocs\\codeigniter4-framework-68d1a58\\app\\Views\\tenant\\payments.php', 80)
 2 [internal function]: CodeIgniter\View\View->{closure}([...])
 3 APPPATH\Views\tenant\payments.php(80): array_filter([...], Object(Closure))
 4 SYSTEMPATH\View\View.php(226): include('C:\\xampp\\htdocs\\codeigniter4-framework-68d1a58\\app\\Views\\tenant\\payments.php')
 5 SYSTEMPATH\View\View.php(229): CodeIgniter\View\View->CodeIgniter\View\{closure}()
 6 SYSTEMPATH\Common.php(1167): CodeIgniter\View\View->render('tenant/payments', [], true)
 7 APPPATH\Controllers\Tenant.php(195): view('tenant/payments', [...])
 8 SYSTEMPATH\CodeIgniter.php(933): App\Controllers\Tenant->payments()
 9 SYSTEMPATH\CodeIgniter.php(507): CodeIgniter\CodeIgniter->runController(Object(App\Controllers\Tenant))
10 SYSTEMPATH\CodeIgniter.php(354): CodeIgniter\CodeIgniter->handleRequest(null, Object(Config\Cache), false)
11 SYSTEMPATH\Boot.php(363): CodeIgniter\CodeIgniter->run()
12 SYSTEMPATH\Boot.php(68): CodeIgniter\Boot::runCodeIgniter(Object(CodeIgniter\CodeIgniter))
13 FCPATH\index.php(59): CodeIgniter\Boot::bootWeb(Object(Config\Paths))
14 SYSTEMPATH\rewrite.php(44): require_once('C:\\xampp\\htdocs\\codeigniter4-framework-68d1a58\\public\\index.php')
CRITICAL - 2025-11-02 16:00:40 --> TypeError: App\Models\ComplaintModel::getComplaintsByOwner(): Argument #1 ($ownerId) must be of type int, null given, called in C:\xampp\htdocs\codeigniter4-framework-68d1a58\app\Controllers\Employee.php on line 43
[Method: GET, Route: employee/dashboard]
in APPPATH\Models\ComplaintModel.php on line 75.
 1 APPPATH\Controllers\Employee.php(43): App\Models\ComplaintModel->getComplaintsByOwner(null)
 2 SYSTEMPATH\CodeIgniter.php(933): App\Controllers\Employee->dashboard()
 3 SYSTEMPATH\CodeIgniter.php(507): CodeIgniter\CodeIgniter->runController(Object(App\Controllers\Employee))
 4 SYSTEMPATH\CodeIgniter.php(354): CodeIgniter\CodeIgniter->handleRequest(null, Object(Config\Cache), false)
 5 SYSTEMPATH\Boot.php(363): CodeIgniter\CodeIgniter->run()
 6 SYSTEMPATH\Boot.php(68): CodeIgniter\Boot::runCodeIgniter(Object(CodeIgniter\CodeIgniter))
 7 FCPATH\index.php(59): CodeIgniter\Boot::bootWeb(Object(Config\Paths))
 8 SYSTEMPATH\rewrite.php(44): require_once('C:\\xampp\\htdocs\\codeigniter4-framework-68d1a58\\public\\index.php')
CRITICAL - 2025-11-02 16:23:29 --> ErrorException: Undefined array key "monthly_rate"
[Method: GET, Route: tenant/dashboard]
in APPPATH\Views\tenant\dashboard.php on line 264.
 1 APPPATH\Views\tenant\dashboard.php(264): CodeIgniter\Debug\Exceptions->errorHandler(2, 'Undefined array key "monthly_rate"', 'C:\\xampp\\htdocs\\codeigniter4-framework-68d1a58\\app\\Views\\tenant\\dashboard.php', 264)
 2 SYSTEMPATH\View\View.php(226): include('C:\\xampp\\htdocs\\codeigniter4-framework-68d1a58\\app\\Views\\tenant\\dashboard.php')
 3 SYSTEMPATH\View\View.php(229): CodeIgniter\View\View->CodeIgniter\View\{closure}()
 4 SYSTEMPATH\Common.php(1167): CodeIgniter\View\View->render('tenant/dashboard', [], true)
 5 APPPATH\Controllers\Tenant.php(82): view('tenant/dashboard', [...])
 6 SYSTEMPATH\CodeIgniter.php(933): App\Controllers\Tenant->dashboard()
 7 SYSTEMPATH\CodeIgniter.php(507): CodeIgniter\CodeIgniter->runController(Object(App\Controllers\Tenant))
 8 SYSTEMPATH\CodeIgniter.php(354): CodeIgniter\CodeIgniter->handleRequest(null, Object(Config\Cache), false)
 9 SYSTEMPATH\Boot.php(363): CodeIgniter\CodeIgniter->run()
10 SYSTEMPATH\Boot.php(68): CodeIgniter\Boot::runCodeIgniter(Object(CodeIgniter\CodeIgniter))
11 FCPATH\index.php(59): CodeIgniter\Boot::bootWeb(Object(Config\Paths))
12 SYSTEMPATH\rewrite.php(44): require_once('C:\\xampp\\htdocs\\codeigniter4-framework-68d1a58\\public\\index.php')
CRITICAL - 2025-11-02 16:23:31 --> ErrorException: Undefined array key "monthly_rate"
[Method: GET, Route: tenant/dashboard]
in APPPATH\Views\tenant\dashboard.php on line 264.
 1 APPPATH\Views\tenant\dashboard.php(264): CodeIgniter\Debug\Exceptions->errorHandler(2, 'Undefined array key "monthly_rate"', 'C:\\xampp\\htdocs\\codeigniter4-framework-68d1a58\\app\\Views\\tenant\\dashboard.php', 264)
 2 SYSTEMPATH\View\View.php(226): include('C:\\xampp\\htdocs\\codeigniter4-framework-68d1a58\\app\\Views\\tenant\\dashboard.php')
 3 SYSTEMPATH\View\View.php(229): CodeIgniter\View\View->CodeIgniter\View\{closure}()
 4 SYSTEMPATH\Common.php(1167): CodeIgniter\View\View->render('tenant/dashboard', [], true)
 5 APPPATH\Controllers\Tenant.php(82): view('tenant/dashboard', [...])
 6 SYSTEMPATH\CodeIgniter.php(933): App\Controllers\Tenant->dashboard()
 7 SYSTEMPATH\CodeIgniter.php(507): CodeIgniter\CodeIgniter->runController(Object(App\Controllers\Tenant))
 8 SYSTEMPATH\CodeIgniter.php(354): CodeIgniter\CodeIgniter->handleRequest(null, Object(Config\Cache), false)
 9 SYSTEMPATH\Boot.php(363): CodeIgniter\CodeIgniter->run()
10 SYSTEMPATH\Boot.php(68): CodeIgniter\Boot::runCodeIgniter(Object(CodeIgniter\CodeIgniter))
11 FCPATH\index.php(59): CodeIgniter\Boot::bootWeb(Object(Config\Paths))
12 SYSTEMPATH\rewrite.php(44): require_once('C:\\xampp\\htdocs\\codeigniter4-framework-68d1a58\\public\\index.php')
