ERROR - 2025-10-30 05:48:02 --> mysqli_sql_exception: Table 'users' already exists in C:\xampp\htdocs\codeigniter4-framework-68d1a58\system\Database\MySQLi\Connection.php:327
Stack trace:
#0 C:\xampp\htdocs\codeigniter4-framework-68d1a58\system\Database\MySQLi\Connection.php(327): mysqli->query('CREATE TABLE `u...', 0)
#1 C:\xampp\htdocs\codeigniter4-framework-68d1a58\system\Database\BaseConnection.php(729): CodeIgniter\Database\MySQLi\Connection->execute('CREATE TABLE `u...')
#2 C:\xampp\htdocs\codeigniter4-framework-68d1a58\system\Database\BaseConnection.php(646): CodeIgniter\Database\BaseConnection->simpleQuery('CREATE TABLE `u...')
#3 C:\xampp\htdocs\codeigniter4-framework-68d1a58\system\Database\Forge.php(570): CodeIgniter\Database\BaseConnection->query('CREATE TABLE `u...')
#4 C:\xampp\htdocs\codeigniter4-framework-68d1a58\app\Database\Migrations\2025-10-30-000001_CreateRentbaseSchema.php(38): CodeIgniter\Database\Forge->createTable('users')
#5 C:\xampp\htdocs\codeigniter4-framework-68d1a58\system\Database\MigrationRunner.php(876): App\Database\Migrations\CreateRentbaseSchema->up()
#6 C:\xampp\htdocs\codeigniter4-framework-68d1a58\system\Database\MigrationRunner.php(182): CodeIgniter\Database\MigrationRunner->migrate('up', Object(stdClass))
#7 C:\xampp\htdocs\codeigniter4-framework-68d1a58\system\Commands\Database\Migrate.php(85): CodeIgniter\Database\MigrationRunner->latest(NULL)
#8 C:\xampp\htdocs\codeigniter4-framework-68d1a58\system\CLI\Commands.php(74): CodeIgniter\Commands\Database\Migrate->run(Array)
#9 C:\xampp\htdocs\codeigniter4-framework-68d1a58\system\CLI\Console.php(47): CodeIgniter\CLI\Commands->run('migrate', Array)
#10 C:\xampp\htdocs\codeigniter4-framework-68d1a58\system\Boot.php(388): CodeIgniter\CLI\Console->run()
#11 C:\xampp\htdocs\codeigniter4-framework-68d1a58\system\Boot.php(133): CodeIgniter\Boot::runCommand(Object(CodeIgniter\CLI\Console))
#12 C:\xampp\htdocs\codeigniter4-framework-68d1a58\spark(87): CodeIgniter\Boot::bootSpark(Object(Config\Paths))
#13 {main}
ERROR - 2025-10-30 06:04:34 --> mysqli_sql_exception: Table 'users' already exists in C:\xampp\htdocs\codeigniter4-framework-68d1a58\system\Database\MySQLi\Connection.php:327
Stack trace:
#0 C:\xampp\htdocs\codeigniter4-framework-68d1a58\system\Database\MySQLi\Connection.php(327): mysqli->query('CREATE TABLE `u...', 0)
#1 C:\xampp\htdocs\codeigniter4-framework-68d1a58\system\Database\BaseConnection.php(729): CodeIgniter\Database\MySQLi\Connection->execute('CREATE TABLE `u...')
#2 C:\xampp\htdocs\codeigniter4-framework-68d1a58\system\Database\BaseConnection.php(646): CodeIgniter\Database\BaseConnection->simpleQuery('CREATE TABLE `u...')
#3 C:\xampp\htdocs\codeigniter4-framework-68d1a58\system\Database\Forge.php(570): CodeIgniter\Database\BaseConnection->query('CREATE TABLE `u...')
#4 C:\xampp\htdocs\codeigniter4-framework-68d1a58\app\Database\Migrations\2025-10-30-000001_CreateRentbaseSchema.php(38): CodeIgniter\Database\Forge->createTable('users')
#5 C:\xampp\htdocs\codeigniter4-framework-68d1a58\system\Database\MigrationRunner.php(876): App\Database\Migrations\CreateRentbaseSchema->up()
#6 C:\xampp\htdocs\codeigniter4-framework-68d1a58\system\Database\MigrationRunner.php(182): CodeIgniter\Database\MigrationRunner->migrate('up', Object(stdClass))
#7 C:\xampp\htdocs\codeigniter4-framework-68d1a58\system\Commands\Database\Migrate.php(85): CodeIgniter\Database\MigrationRunner->latest(NULL)
#8 C:\xampp\htdocs\codeigniter4-framework-68d1a58\system\CLI\Commands.php(74): CodeIgniter\Commands\Database\Migrate->run(Array)
#9 C:\xampp\htdocs\codeigniter4-framework-68d1a58\system\CLI\Console.php(47): CodeIgniter\CLI\Commands->run('migrate', Array)
#10 C:\xampp\htdocs\codeigniter4-framework-68d1a58\system\Boot.php(388): CodeIgniter\CLI\Console->run()
#11 C:\xampp\htdocs\codeigniter4-framework-68d1a58\system\Boot.php(133): CodeIgniter\Boot::runCommand(Object(CodeIgniter\CLI\Console))
#12 C:\xampp\htdocs\codeigniter4-framework-68d1a58\spark(87): CodeIgniter\Boot::bootSpark(Object(Config\Paths))
#13 {main}
ERROR - 2025-10-30 07:04:17 --> mysqli_sql_exception: Unknown column 'u.owner_id' in 'where clause' in C:\xampp\htdocs\codeigniter4-framework-68d1a58\system\Database\MySQLi\Connection.php:327
Stack trace:
#0 C:\xampp\htdocs\codeigniter4-framework-68d1a58\system\Database\MySQLi\Connection.php(327): mysqli->query('SELECT `u`.`id`...', 0)
#1 C:\xampp\htdocs\codeigniter4-framework-68d1a58\system\Database\BaseConnection.php(729): CodeIgniter\Database\MySQLi\Connection->execute('SELECT `u`.`id`...')
#2 C:\xampp\htdocs\codeigniter4-framework-68d1a58\system\Database\BaseConnection.php(646): CodeIgniter\Database\BaseConnection->simpleQuery('SELECT `u`.`id`...')
#3 C:\xampp\htdocs\codeigniter4-framework-68d1a58\system\Database\BaseBuilder.php(1649): CodeIgniter\Database\BaseConnection->query('SELECT `u`.`id`...', Array, false)
#4 C:\xampp\htdocs\codeigniter4-framework-68d1a58\app\Models\UserModel.php(133): CodeIgniter\Database\BaseBuilder->get()
#5 C:\xampp\htdocs\codeigniter4-framework-68d1a58\app\Controllers\Owner.php(165): App\Models\UserModel->getTenantsWithProfiles(7)
#6 C:\xampp\htdocs\codeigniter4-framework-68d1a58\system\CodeIgniter.php(933): App\Controllers\Owner->tenants()
#7 C:\xampp\htdocs\codeigniter4-framework-68d1a58\system\CodeIgniter.php(507): CodeIgniter\CodeIgniter->runController(Object(App\Controllers\Owner))
#8 C:\xampp\htdocs\codeigniter4-framework-68d1a58\system\CodeIgniter.php(354): CodeIgniter\CodeIgniter->handleRequest(NULL, Object(Config\Cache), false)
#9 C:\xampp\htdocs\codeigniter4-framework-68d1a58\system\Boot.php(363): CodeIgniter\CodeIgniter->run()
#10 C:\xampp\htdocs\codeigniter4-framework-68d1a58\system\Boot.php(68): CodeIgniter\Boot::runCodeIgniter(Object(CodeIgniter\CodeIgniter))
#11 C:\xampp\htdocs\codeigniter4-framework-68d1a58\public\index.php(59): CodeIgniter\Boot::bootWeb(Object(Config\Paths))
#12 C:\xampp\htdocs\codeigniter4-framework-68d1a58\system\rewrite.php(44): require_once('C:\\xampp\\htdocs...')
#13 {main}
CRITICAL - 2025-10-30 07:04:17 --> CodeIgniter\Database\Exceptions\DatabaseException: Unknown column 'u.owner_id' in 'where clause'
[Method: GET, Route: owner/tenants]
in SYSTEMPATH\Database\BaseConnection.php on line 684.
 1 SYSTEMPATH\Database\BaseBuilder.php(1649): CodeIgniter\Database\BaseConnection->query('SELECT `u`.`id`, `u`.`username`, `u`.`role`, `u`.`created_at`, `up`.`full_name`, `up`.`email`, `up`.`phone_number`
FROM `users` `u`
LEFT JOIN `user_profiles` `up` ON `u`.`id` = `up`.`user_id`
WHERE `u`.`role` = :u.role:
AND `u`.`owner_id` = :u.owner_id:', [...], false)
 2 APPPATH\Models\UserModel.php(133): CodeIgniter\Database\BaseBuilder->get()
 3 APPPATH\Controllers\Owner.php(165): App\Models\UserModel->getTenantsWithProfiles(7)
 4 SYSTEMPATH\CodeIgniter.php(933): App\Controllers\Owner->tenants()
 5 SYSTEMPATH\CodeIgniter.php(507): CodeIgniter\CodeIgniter->runController(Object(App\Controllers\Owner))
 6 SYSTEMPATH\CodeIgniter.php(354): CodeIgniter\CodeIgniter->handleRequest(null, Object(Config\Cache), false)
 7 SYSTEMPATH\Boot.php(363): CodeIgniter\CodeIgniter->run()
 8 SYSTEMPATH\Boot.php(68): CodeIgniter\Boot::runCodeIgniter(Object(CodeIgniter\CodeIgniter))
 9 FCPATH\index.php(59): CodeIgniter\Boot::bootWeb(Object(Config\Paths))
10 SYSTEMPATH\rewrite.php(44): require_once('C:\\xampp\\htdocs\\codeigniter4-framework-68d1a58\\public\\index.php')
CRITICAL - 2025-10-30 07:04:17 --> [Caused by] CodeIgniter\Database\Exceptions\DatabaseException: Unknown column 'u.owner_id' in 'where clause'
in SYSTEMPATH\Database\MySQLi\Connection.php on line 332.
 1 SYSTEMPATH\Database\BaseConnection.php(729): CodeIgniter\Database\MySQLi\Connection->execute('SELECT `u`.`id`, `u`.`username`, `u`.`role`, `u`.`created_at`, `up`.`full_name`, `up`.`email`, `up`.`phone_number`
FROM `users` `u`
LEFT JOIN `user_profiles` `up` ON `u`.`id` = `up`.`user_id`
WHERE `u`.`role` = \'tenant\'
AND `u`.`owner_id` = 7')
 2 SYSTEMPATH\Database\BaseConnection.php(646): CodeIgniter\Database\BaseConnection->simpleQuery('SELECT `u`.`id`, `u`.`username`, `u`.`role`, `u`.`created_at`, `up`.`full_name`, `up`.`email`, `up`.`phone_number`
FROM `users` `u`
LEFT JOIN `user_profiles` `up` ON `u`.`id` = `up`.`user_id`
WHERE `u`.`role` = \'tenant\'
AND `u`.`owner_id` = 7')
 3 SYSTEMPATH\Database\BaseBuilder.php(1649): CodeIgniter\Database\BaseConnection->query('SELECT `u`.`id`, `u`.`username`, `u`.`role`, `u`.`created_at`, `up`.`full_name`, `up`.`email`, `up`.`phone_number`
FROM `users` `u`
LEFT JOIN `user_profiles` `up` ON `u`.`id` = `up`.`user_id`
WHERE `u`.`role` = :u.role:
AND `u`.`owner_id` = :u.owner_id:', [...], false)
 4 APPPATH\Models\UserModel.php(133): CodeIgniter\Database\BaseBuilder->get()
 5 APPPATH\Controllers\Owner.php(165): App\Models\UserModel->getTenantsWithProfiles(7)
 6 SYSTEMPATH\CodeIgniter.php(933): App\Controllers\Owner->tenants()
 7 SYSTEMPATH\CodeIgniter.php(507): CodeIgniter\CodeIgniter->runController(Object(App\Controllers\Owner))
 8 SYSTEMPATH\CodeIgniter.php(354): CodeIgniter\CodeIgniter->handleRequest(null, Object(Config\Cache), false)
 9 SYSTEMPATH\Boot.php(363): CodeIgniter\CodeIgniter->run()
10 SYSTEMPATH\Boot.php(68): CodeIgniter\Boot::runCodeIgniter(Object(CodeIgniter\CodeIgniter))
11 FCPATH\index.php(59): CodeIgniter\Boot::bootWeb(Object(Config\Paths))
12 SYSTEMPATH\rewrite.php(44): require_once('C:\\xampp\\htdocs\\codeigniter4-framework-68d1a58\\public\\index.php')
CRITICAL - 2025-10-30 07:04:17 --> [Caused by] mysqli_sql_exception: Unknown column 'u.owner_id' in 'where clause'
in SYSTEMPATH\Database\MySQLi\Connection.php on line 327.
 1 SYSTEMPATH\Database\MySQLi\Connection.php(327): mysqli->query('SELECT `u`.`id`, `u`.`username`, `u`.`role`, `u`.`created_at`, `up`.`full_name`, `up`.`email`, `up`.`phone_number`
FROM `users` `u`
LEFT JOIN `user_profiles` `up` ON `u`.`id` = `up`.`user_id`
WHERE `u`.`role` = \'tenant\'
AND `u`.`owner_id` = 7', 0)
 2 SYSTEMPATH\Database\BaseConnection.php(729): CodeIgniter\Database\MySQLi\Connection->execute('SELECT `u`.`id`, `u`.`username`, `u`.`role`, `u`.`created_at`, `up`.`full_name`, `up`.`email`, `up`.`phone_number`
FROM `users` `u`
LEFT JOIN `user_profiles` `up` ON `u`.`id` = `up`.`user_id`
WHERE `u`.`role` = \'tenant\'
AND `u`.`owner_id` = 7')
 3 SYSTEMPATH\Database\BaseConnection.php(646): CodeIgniter\Database\BaseConnection->simpleQuery('SELECT `u`.`id`, `u`.`username`, `u`.`role`, `u`.`created_at`, `up`.`full_name`, `up`.`email`, `up`.`phone_number`
FROM `users` `u`
LEFT JOIN `user_profiles` `up` ON `u`.`id` = `up`.`user_id`
WHERE `u`.`role` = \'tenant\'
AND `u`.`owner_id` = 7')
 4 SYSTEMPATH\Database\BaseBuilder.php(1649): CodeIgniter\Database\BaseConnection->query('SELECT `u`.`id`, `u`.`username`, `u`.`role`, `u`.`created_at`, `up`.`full_name`, `up`.`email`, `up`.`phone_number`
FROM `users` `u`
LEFT JOIN `user_profiles` `up` ON `u`.`id` = `up`.`user_id`
WHERE `u`.`role` = :u.role:
AND `u`.`owner_id` = :u.owner_id:', [...], false)
 5 APPPATH\Models\UserModel.php(133): CodeIgniter\Database\BaseBuilder->get()
 6 APPPATH\Controllers\Owner.php(165): App\Models\UserModel->getTenantsWithProfiles(7)
 7 SYSTEMPATH\CodeIgniter.php(933): App\Controllers\Owner->tenants()
 8 SYSTEMPATH\CodeIgniter.php(507): CodeIgniter\CodeIgniter->runController(Object(App\Controllers\Owner))
 9 SYSTEMPATH\CodeIgniter.php(354): CodeIgniter\CodeIgniter->handleRequest(null, Object(Config\Cache), false)
10 SYSTEMPATH\Boot.php(363): CodeIgniter\CodeIgniter->run()
11 SYSTEMPATH\Boot.php(68): CodeIgniter\Boot::runCodeIgniter(Object(CodeIgniter\CodeIgniter))
12 FCPATH\index.php(59): CodeIgniter\Boot::bootWeb(Object(Config\Paths))
13 SYSTEMPATH\rewrite.php(44): require_once('C:\\xampp\\htdocs\\codeigniter4-framework-68d1a58\\public\\index.php')
ERROR - 2025-10-30 07:04:20 --> mysqli_sql_exception: Unknown column 'u.owner_id' in 'where clause' in C:\xampp\htdocs\codeigniter4-framework-68d1a58\system\Database\MySQLi\Connection.php:327
Stack trace:
#0 C:\xampp\htdocs\codeigniter4-framework-68d1a58\system\Database\MySQLi\Connection.php(327): mysqli->query('SELECT `u`.`id`...', 0)
#1 C:\xampp\htdocs\codeigniter4-framework-68d1a58\system\Database\BaseConnection.php(729): CodeIgniter\Database\MySQLi\Connection->execute('SELECT `u`.`id`...')
#2 C:\xampp\htdocs\codeigniter4-framework-68d1a58\system\Database\BaseConnection.php(646): CodeIgniter\Database\BaseConnection->simpleQuery('SELECT `u`.`id`...')
#3 C:\xampp\htdocs\codeigniter4-framework-68d1a58\system\Database\BaseBuilder.php(1649): CodeIgniter\Database\BaseConnection->query('SELECT `u`.`id`...', Array, false)
#4 C:\xampp\htdocs\codeigniter4-framework-68d1a58\app\Models\UserModel.php(133): CodeIgniter\Database\BaseBuilder->get()
#5 C:\xampp\htdocs\codeigniter4-framework-68d1a58\app\Controllers\Owner.php(165): App\Models\UserModel->getTenantsWithProfiles(7)
#6 C:\xampp\htdocs\codeigniter4-framework-68d1a58\system\CodeIgniter.php(933): App\Controllers\Owner->tenants()
#7 C:\xampp\htdocs\codeigniter4-framework-68d1a58\system\CodeIgniter.php(507): CodeIgniter\CodeIgniter->runController(Object(App\Controllers\Owner))
#8 C:\xampp\htdocs\codeigniter4-framework-68d1a58\system\CodeIgniter.php(354): CodeIgniter\CodeIgniter->handleRequest(NULL, Object(Config\Cache), false)
#9 C:\xampp\htdocs\codeigniter4-framework-68d1a58\system\Boot.php(363): CodeIgniter\CodeIgniter->run()
#10 C:\xampp\htdocs\codeigniter4-framework-68d1a58\system\Boot.php(68): CodeIgniter\Boot::runCodeIgniter(Object(CodeIgniter\CodeIgniter))
#11 C:\xampp\htdocs\codeigniter4-framework-68d1a58\public\index.php(59): CodeIgniter\Boot::bootWeb(Object(Config\Paths))
#12 C:\xampp\htdocs\codeigniter4-framework-68d1a58\system\rewrite.php(44): require_once('C:\\xampp\\htdocs...')
#13 {main}
CRITICAL - 2025-10-30 07:04:20 --> CodeIgniter\Database\Exceptions\DatabaseException: Unknown column 'u.owner_id' in 'where clause'
[Method: GET, Route: owner/tenants]
in SYSTEMPATH\Database\BaseConnection.php on line 684.
 1 SYSTEMPATH\Database\BaseBuilder.php(1649): CodeIgniter\Database\BaseConnection->query('SELECT `u`.`id`, `u`.`username`, `u`.`role`, `u`.`created_at`, `up`.`full_name`, `up`.`email`, `up`.`phone_number`
FROM `users` `u`
LEFT JOIN `user_profiles` `up` ON `u`.`id` = `up`.`user_id`
WHERE `u`.`role` = :u.role:
AND `u`.`owner_id` = :u.owner_id:', [...], false)
 2 APPPATH\Models\UserModel.php(133): CodeIgniter\Database\BaseBuilder->get()
 3 APPPATH\Controllers\Owner.php(165): App\Models\UserModel->getTenantsWithProfiles(7)
 4 SYSTEMPATH\CodeIgniter.php(933): App\Controllers\Owner->tenants()
 5 SYSTEMPATH\CodeIgniter.php(507): CodeIgniter\CodeIgniter->runController(Object(App\Controllers\Owner))
 6 SYSTEMPATH\CodeIgniter.php(354): CodeIgniter\CodeIgniter->handleRequest(null, Object(Config\Cache), false)
 7 SYSTEMPATH\Boot.php(363): CodeIgniter\CodeIgniter->run()
 8 SYSTEMPATH\Boot.php(68): CodeIgniter\Boot::runCodeIgniter(Object(CodeIgniter\CodeIgniter))
 9 FCPATH\index.php(59): CodeIgniter\Boot::bootWeb(Object(Config\Paths))
10 SYSTEMPATH\rewrite.php(44): require_once('C:\\xampp\\htdocs\\codeigniter4-framework-68d1a58\\public\\index.php')
CRITICAL - 2025-10-30 07:04:20 --> [Caused by] CodeIgniter\Database\Exceptions\DatabaseException: Unknown column 'u.owner_id' in 'where clause'
in SYSTEMPATH\Database\MySQLi\Connection.php on line 332.
 1 SYSTEMPATH\Database\BaseConnection.php(729): CodeIgniter\Database\MySQLi\Connection->execute('SELECT `u`.`id`, `u`.`username`, `u`.`role`, `u`.`created_at`, `up`.`full_name`, `up`.`email`, `up`.`phone_number`
FROM `users` `u`
LEFT JOIN `user_profiles` `up` ON `u`.`id` = `up`.`user_id`
WHERE `u`.`role` = \'tenant\'
AND `u`.`owner_id` = 7')
 2 SYSTEMPATH\Database\BaseConnection.php(646): CodeIgniter\Database\BaseConnection->simpleQuery('SELECT `u`.`id`, `u`.`username`, `u`.`role`, `u`.`created_at`, `up`.`full_name`, `up`.`email`, `up`.`phone_number`
FROM `users` `u`
LEFT JOIN `user_profiles` `up` ON `u`.`id` = `up`.`user_id`
WHERE `u`.`role` = \'tenant\'
AND `u`.`owner_id` = 7')
 3 SYSTEMPATH\Database\BaseBuilder.php(1649): CodeIgniter\Database\BaseConnection->query('SELECT `u`.`id`, `u`.`username`, `u`.`role`, `u`.`created_at`, `up`.`full_name`, `up`.`email`, `up`.`phone_number`
FROM `users` `u`
LEFT JOIN `user_profiles` `up` ON `u`.`id` = `up`.`user_id`
WHERE `u`.`role` = :u.role:
AND `u`.`owner_id` = :u.owner_id:', [...], false)
 4 APPPATH\Models\UserModel.php(133): CodeIgniter\Database\BaseBuilder->get()
 5 APPPATH\Controllers\Owner.php(165): App\Models\UserModel->getTenantsWithProfiles(7)
 6 SYSTEMPATH\CodeIgniter.php(933): App\Controllers\Owner->tenants()
 7 SYSTEMPATH\CodeIgniter.php(507): CodeIgniter\CodeIgniter->runController(Object(App\Controllers\Owner))
 8 SYSTEMPATH\CodeIgniter.php(354): CodeIgniter\CodeIgniter->handleRequest(null, Object(Config\Cache), false)
 9 SYSTEMPATH\Boot.php(363): CodeIgniter\CodeIgniter->run()
10 SYSTEMPATH\Boot.php(68): CodeIgniter\Boot::runCodeIgniter(Object(CodeIgniter\CodeIgniter))
11 FCPATH\index.php(59): CodeIgniter\Boot::bootWeb(Object(Config\Paths))
12 SYSTEMPATH\rewrite.php(44): require_once('C:\\xampp\\htdocs\\codeigniter4-framework-68d1a58\\public\\index.php')
CRITICAL - 2025-10-30 07:04:20 --> [Caused by] mysqli_sql_exception: Unknown column 'u.owner_id' in 'where clause'
in SYSTEMPATH\Database\MySQLi\Connection.php on line 327.
 1 SYSTEMPATH\Database\MySQLi\Connection.php(327): mysqli->query('SELECT `u`.`id`, `u`.`username`, `u`.`role`, `u`.`created_at`, `up`.`full_name`, `up`.`email`, `up`.`phone_number`
FROM `users` `u`
LEFT JOIN `user_profiles` `up` ON `u`.`id` = `up`.`user_id`
WHERE `u`.`role` = \'tenant\'
AND `u`.`owner_id` = 7', 0)
 2 SYSTEMPATH\Database\BaseConnection.php(729): CodeIgniter\Database\MySQLi\Connection->execute('SELECT `u`.`id`, `u`.`username`, `u`.`role`, `u`.`created_at`, `up`.`full_name`, `up`.`email`, `up`.`phone_number`
FROM `users` `u`
LEFT JOIN `user_profiles` `up` ON `u`.`id` = `up`.`user_id`
WHERE `u`.`role` = \'tenant\'
AND `u`.`owner_id` = 7')
 3 SYSTEMPATH\Database\BaseConnection.php(646): CodeIgniter\Database\BaseConnection->simpleQuery('SELECT `u`.`id`, `u`.`username`, `u`.`role`, `u`.`created_at`, `up`.`full_name`, `up`.`email`, `up`.`phone_number`
FROM `users` `u`
LEFT JOIN `user_profiles` `up` ON `u`.`id` = `up`.`user_id`
WHERE `u`.`role` = \'tenant\'
AND `u`.`owner_id` = 7')
 4 SYSTEMPATH\Database\BaseBuilder.php(1649): CodeIgniter\Database\BaseConnection->query('SELECT `u`.`id`, `u`.`username`, `u`.`role`, `u`.`created_at`, `up`.`full_name`, `up`.`email`, `up`.`phone_number`
FROM `users` `u`
LEFT JOIN `user_profiles` `up` ON `u`.`id` = `up`.`user_id`
WHERE `u`.`role` = :u.role:
AND `u`.`owner_id` = :u.owner_id:', [...], false)
 5 APPPATH\Models\UserModel.php(133): CodeIgniter\Database\BaseBuilder->get()
 6 APPPATH\Controllers\Owner.php(165): App\Models\UserModel->getTenantsWithProfiles(7)
 7 SYSTEMPATH\CodeIgniter.php(933): App\Controllers\Owner->tenants()
 8 SYSTEMPATH\CodeIgniter.php(507): CodeIgniter\CodeIgniter->runController(Object(App\Controllers\Owner))
 9 SYSTEMPATH\CodeIgniter.php(354): CodeIgniter\CodeIgniter->handleRequest(null, Object(Config\Cache), false)
10 SYSTEMPATH\Boot.php(363): CodeIgniter\CodeIgniter->run()
11 SYSTEMPATH\Boot.php(68): CodeIgniter\Boot::runCodeIgniter(Object(CodeIgniter\CodeIgniter))
12 FCPATH\index.php(59): CodeIgniter\Boot::bootWeb(Object(Config\Paths))
13 SYSTEMPATH\rewrite.php(44): require_once('C:\\xampp\\htdocs\\codeigniter4-framework-68d1a58\\public\\index.php')
ERROR - 2025-10-30 07:04:22 --> mysqli_sql_exception: Unknown column 'owner_id' in 'where clause' in C:\xampp\htdocs\codeigniter4-framework-68d1a58\system\Database\MySQLi\Connection.php:327
Stack trace:
#0 C:\xampp\htdocs\codeigniter4-framework-68d1a58\system\Database\MySQLi\Connection.php(327): mysqli->query('SELECT *\nFROM `...', 0)
#1 C:\xampp\htdocs\codeigniter4-framework-68d1a58\system\Database\BaseConnection.php(729): CodeIgniter\Database\MySQLi\Connection->execute('SELECT *\nFROM `...')
#2 C:\xampp\htdocs\codeigniter4-framework-68d1a58\system\Database\BaseConnection.php(646): CodeIgniter\Database\BaseConnection->simpleQuery('SELECT *\nFROM `...')
#3 C:\xampp\htdocs\codeigniter4-framework-68d1a58\system\Database\BaseBuilder.php(1649): CodeIgniter\Database\BaseConnection->query('SELECT *\nFROM `...', Array, false)
#4 C:\xampp\htdocs\codeigniter4-framework-68d1a58\system\Model.php(286): CodeIgniter\Database\BaseBuilder->get()
#5 C:\xampp\htdocs\codeigniter4-framework-68d1a58\system\BaseModel.php(677): CodeIgniter\Model->doFindAll(0, 0)
#6 C:\xampp\htdocs\codeigniter4-framework-68d1a58\app\Controllers\Owner.php(67): CodeIgniter\BaseModel->findAll()
#7 C:\xampp\htdocs\codeigniter4-framework-68d1a58\system\CodeIgniter.php(933): App\Controllers\Owner->rooms()
#8 C:\xampp\htdocs\codeigniter4-framework-68d1a58\system\CodeIgniter.php(507): CodeIgniter\CodeIgniter->runController(Object(App\Controllers\Owner))
#9 C:\xampp\htdocs\codeigniter4-framework-68d1a58\system\CodeIgniter.php(354): CodeIgniter\CodeIgniter->handleRequest(NULL, Object(Config\Cache), false)
#10 C:\xampp\htdocs\codeigniter4-framework-68d1a58\system\Boot.php(363): CodeIgniter\CodeIgniter->run()
#11 C:\xampp\htdocs\codeigniter4-framework-68d1a58\system\Boot.php(68): CodeIgniter\Boot::runCodeIgniter(Object(CodeIgniter\CodeIgniter))
#12 C:\xampp\htdocs\codeigniter4-framework-68d1a58\public\index.php(59): CodeIgniter\Boot::bootWeb(Object(Config\Paths))
#13 C:\xampp\htdocs\codeigniter4-framework-68d1a58\system\rewrite.php(44): require_once('C:\\xampp\\htdocs...')
#14 {main}
CRITICAL - 2025-10-30 07:04:22 --> CodeIgniter\Database\Exceptions\DatabaseException: Unknown column 'owner_id' in 'where clause'
[Method: GET, Route: owner/rooms]
in SYSTEMPATH\Database\BaseConnection.php on line 684.
 1 SYSTEMPATH\Database\BaseBuilder.php(1649): CodeIgniter\Database\BaseConnection->query('SELECT *
FROM `users`
WHERE `role` = :role:
AND `owner_id` = :owner_id:', [...], false)
 2 SYSTEMPATH\Model.php(286): CodeIgniter\Database\BaseBuilder->get()
 3 SYSTEMPATH\BaseModel.php(677): CodeIgniter\Model->doFindAll(0, 0)
 4 APPPATH\Controllers\Owner.php(67): CodeIgniter\BaseModel->findAll()
 5 SYSTEMPATH\CodeIgniter.php(933): App\Controllers\Owner->rooms()
 6 SYSTEMPATH\CodeIgniter.php(507): CodeIgniter\CodeIgniter->runController(Object(App\Controllers\Owner))
 7 SYSTEMPATH\CodeIgniter.php(354): CodeIgniter\CodeIgniter->handleRequest(null, Object(Config\Cache), false)
 8 SYSTEMPATH\Boot.php(363): CodeIgniter\CodeIgniter->run()
 9 SYSTEMPATH\Boot.php(68): CodeIgniter\Boot::runCodeIgniter(Object(CodeIgniter\CodeIgniter))
10 FCPATH\index.php(59): CodeIgniter\Boot::bootWeb(Object(Config\Paths))
11 SYSTEMPATH\rewrite.php(44): require_once('C:\\xampp\\htdocs\\codeigniter4-framework-68d1a58\\public\\index.php')
CRITICAL - 2025-10-30 07:04:22 --> [Caused by] CodeIgniter\Database\Exceptions\DatabaseException: Unknown column 'owner_id' in 'where clause'
in SYSTEMPATH\Database\MySQLi\Connection.php on line 332.
 1 SYSTEMPATH\Database\BaseConnection.php(729): CodeIgniter\Database\MySQLi\Connection->execute('SELECT *
FROM `users`
WHERE `role` = \'tenant\'
AND `owner_id` = \'7\'')
 2 SYSTEMPATH\Database\BaseConnection.php(646): CodeIgniter\Database\BaseConnection->simpleQuery('SELECT *
FROM `users`
WHERE `role` = \'tenant\'
AND `owner_id` = \'7\'')
 3 SYSTEMPATH\Database\BaseBuilder.php(1649): CodeIgniter\Database\BaseConnection->query('SELECT *
FROM `users`
WHERE `role` = :role:
AND `owner_id` = :owner_id:', [...], false)
 4 SYSTEMPATH\Model.php(286): CodeIgniter\Database\BaseBuilder->get()
 5 SYSTEMPATH\BaseModel.php(677): CodeIgniter\Model->doFindAll(0, 0)
 6 APPPATH\Controllers\Owner.php(67): CodeIgniter\BaseModel->findAll()
 7 SYSTEMPATH\CodeIgniter.php(933): App\Controllers\Owner->rooms()
 8 SYSTEMPATH\CodeIgniter.php(507): CodeIgniter\CodeIgniter->runController(Object(App\Controllers\Owner))
 9 SYSTEMPATH\CodeIgniter.php(354): CodeIgniter\CodeIgniter->handleRequest(null, Object(Config\Cache), false)
10 SYSTEMPATH\Boot.php(363): CodeIgniter\CodeIgniter->run()
11 SYSTEMPATH\Boot.php(68): CodeIgniter\Boot::runCodeIgniter(Object(CodeIgniter\CodeIgniter))
12 FCPATH\index.php(59): CodeIgniter\Boot::bootWeb(Object(Config\Paths))
13 SYSTEMPATH\rewrite.php(44): require_once('C:\\xampp\\htdocs\\codeigniter4-framework-68d1a58\\public\\index.php')
CRITICAL - 2025-10-30 07:04:22 --> [Caused by] mysqli_sql_exception: Unknown column 'owner_id' in 'where clause'
in SYSTEMPATH\Database\MySQLi\Connection.php on line 327.
 1 SYSTEMPATH\Database\MySQLi\Connection.php(327): mysqli->query('SELECT *
FROM `users`
WHERE `role` = \'tenant\'
AND `owner_id` = \'7\'', 0)
 2 SYSTEMPATH\Database\BaseConnection.php(729): CodeIgniter\Database\MySQLi\Connection->execute('SELECT *
FROM `users`
WHERE `role` = \'tenant\'
AND `owner_id` = \'7\'')
 3 SYSTEMPATH\Database\BaseConnection.php(646): CodeIgniter\Database\BaseConnection->simpleQuery('SELECT *
FROM `users`
WHERE `role` = \'tenant\'
AND `owner_id` = \'7\'')
 4 SYSTEMPATH\Database\BaseBuilder.php(1649): CodeIgniter\Database\BaseConnection->query('SELECT *
FROM `users`
WHERE `role` = :role:
AND `owner_id` = :owner_id:', [...], false)
 5 SYSTEMPATH\Model.php(286): CodeIgniter\Database\BaseBuilder->get()
 6 SYSTEMPATH\BaseModel.php(677): CodeIgniter\Model->doFindAll(0, 0)
 7 APPPATH\Controllers\Owner.php(67): CodeIgniter\BaseModel->findAll()
 8 SYSTEMPATH\CodeIgniter.php(933): App\Controllers\Owner->rooms()
 9 SYSTEMPATH\CodeIgniter.php(507): CodeIgniter\CodeIgniter->runController(Object(App\Controllers\Owner))
10 SYSTEMPATH\CodeIgniter.php(354): CodeIgniter\CodeIgniter->handleRequest(null, Object(Config\Cache), false)
11 SYSTEMPATH\Boot.php(363): CodeIgniter\CodeIgniter->run()
12 SYSTEMPATH\Boot.php(68): CodeIgniter\Boot::runCodeIgniter(Object(CodeIgniter\CodeIgniter))
13 FCPATH\index.php(59): CodeIgniter\Boot::bootWeb(Object(Config\Paths))
14 SYSTEMPATH\rewrite.php(44): require_once('C:\\xampp\\htdocs\\codeigniter4-framework-68d1a58\\public\\index.php')
